Arguments: 
  C:\Program Files\nodejs\node.exe C:\Users\29436\AppData\Roaming\npm\node_modules\yarn\bin\yarn.js

PATH: 
  C:\Windows\system32;C:\Windows;C:\Windows\System32\Wbem;C:\Windows\System32\WindowsPowerShell\v1.0\;C:\Windows\System32\OpenSSH\;C:\Program Files\TortoiseSVN\bin;D:\Git\cmd;C:\Program Files\nodejs\;C:\Users\29436\AppData\Local\Microsoft\WindowsApps;D:\Microsoft VS Code\bin;C:\Users\29436\AppData\Roaming\npm

Yarn version: 
  1.22.17

Node version: 
  14.18.1

Platform: 
  win32 x64

Trace: 
  Error: EPERM: operation not permitted, unlink 'D:\myproject\mjh\fwwb-vite\node_modules\esbuild-windows-64\esbuild.exe'

npm manifest: 
  {
    "name": "fwwb-vite",
    "version": "0.0.0",
    "scripts": {
      "dev": "vite",
      "build": "vue-tsc --noEmit && vite build",
      "preview": "vite preview"
    },
    "dependencies": {
      "axios": "^0.24.0",
      "echarts": "^5.1.2",
      "element-plus": "^1.0.2-beta.70",
      "element-resize-detector": "^1.2.4",
      "font-awesome": "^4.7.0",
      "print-js": "^1.6.0",
      "qs": "^6.10.1",
      "typescript": "^4.5.2",
      "unplugin-vue-components": "^0.17.11",
      "vue": "^3.2.23",
      "vue-router": "^4.0.12"
    },
    "devDependencies": {
      "@types/element-resize-detector": "^1.1.3",
      "@types/node": "^16.11.12",
      "@vitejs/plugin-vue": "^1.10.2",
      "eslint": "^8.4.1",
      "eslint-plugin-vue": "^8.2.0",
      "less": "^4.1.1",
      "less-loader": "^4.1.0",
      "pug": "^3.0.2",
      "pug-html-loader": "^1.1.5",
      "pug-plain-loader": "^1.1.0",
      "stylus": "^0.54.7",
      "stylus-loader": "^3.0.2",
      "typescript": "^4.4.4",
      "vite": "^2.7.0",
      "vue-count-to": "^1.0.13",
      "vue-tsc": "^0.28.10",
      "vuex": "^4.0.2"
    }
  }

yarn manifest: 
  No manifest

Lockfile: 
  No lockfile
